Using pre-set license
Built from '2020.3/staging' branch; Version is '2020.3.22f1 (e1a7f79fd887) revision 14788599'; Using compiler version '192528614'; Build Type 'Release'
OS: 'Windows 10 Pro; OS build 19044.1387; Version 2009; 64bit' Language: 'ko' Physical Memory: 32619 MB
BatchMode: 1, IsHumanControllingUs: 0, StartBugReporterOnCrash: 0, Is64bit: 1, IsPro: 0

COMMAND LINE ARGUMENTS:
D:\Unity 2020.3.22f1\Editor\Unity.exe
-adb2
-batchMode
-noUpm
-name
AssetImportWorker0
-projectPath
D:/ToDay-main
-logFile
Logs/AssetImportWorker0.log
-srvPort
52557
Successfully changed project path to: D:/ToDay-main
D:/ToDay-main
Using Asset Import Pipeline V2.
Refreshing native plugins compatible for Editor in 42.87 ms, found 3 plugins.
Preloading 0 native plugins for Editor in 0.00 ms.
Initialize engine version: 2020.3.22f1 (e1a7f79fd887)
[Subsystems] Discovering subsystems at path D:/Unity 2020.3.22f1/Editor/Data/Resources/UnitySubsystems
[Subsystems] Discovering subsystems at path D:/ToDay-main/Assets
GfxDevice: creating device client; threaded=0
Direct3D:
    Version:  Direct3D 11.0 [level 11.0]
    Renderer: NVIDIA GeForce GTX 760 Ti OEM (ID=0x1189)
    Vendor:   
    VRAM:     2007 MB
    Driver:   23.21.13.9125
Initialize mono
Mono path[0] = 'D:/Unity 2020.3.22f1/Editor/Data/Managed'
Mono path[1] = 'D:/Unity 2020.3.22f1/Editor/Data/MonoBleedingEdge/lib/mono/unityjit'
Mono config path = 'D:/Unity 2020.3.22f1/Editor/Data/MonoBleedingEdge/etc'
Using monoOptions --debugger-agent=transport=dt_socket,embedding=1,server=y,suspend=n,address=127.0.0.1:56384
Begin MonoManager ReloadAssembly
Registering precompiled unity dll's ...
Register platform support module: D:/Unity 2020.3.22f1/Editor/Data/PlaybackEngines/WindowsStandaloneSupport/UnityEditor.WindowsStandalone.Extensions.dll
Registered in 0.000727 seconds.
Native extension for WindowsStandalone target not found
Refreshing native plugins compatible for Editor in 30.18 ms, found 3 plugins.
Preloading 0 native plugins for Editor in 0.00 ms.
Mono: successfully reloaded assembly
- Completed reload, in  0.582 seconds
Domain Reload Profiling:
	ReloadAssembly (582ms)
		BeginReloadAssembly (40ms)
			ExecutionOrderSort (0ms)
			DisableScriptedObjects (0ms)
			BackupInstance (0ms)
			ReleaseScriptingObjects (0ms)
			CreateAndSetChildDomain (1ms)
		EndReloadAssembly (278ms)
			LoadAssemblies (39ms)
			RebuildTransferFunctionScriptingTraits (0ms)
			SetupTypeCache (87ms)
			ReleaseScriptCaches (0ms)
			RebuildScriptCaches (19ms)
			SetupLoadedEditorAssemblies (108ms)
				LogAssemblyErrors (0ms)
				InitializePlatformSupportModulesInManaged (2ms)
				SetLoadedEditorAssemblies (0ms)
				RefreshPlugins (30ms)
				BeforeProcessingInitializeOnLoad (6ms)
				ProcessInitializeOnLoadAttributes (51ms)
				ProcessInitializeOnLoadMethodAttributes (18ms)
				AfterProcessingInitializeOnLoad (0ms)
				EditorAssembliesLoaded (0ms)
			ExecutionOrderSort2 (0ms)
			AwakeInstancesAfterBackupRestoration (0ms)
Platform modules already initialized, skipping
Registering precompiled user dll's ...
Registered in 0.002668 seconds.
Begin MonoManager ReloadAssembly
Native extension for WindowsStandalone target not found
Refreshing native plugins compatible for Editor in 29.87 ms, found 3 plugins.
Preloading 0 native plugins for Editor in 0.00 ms.
Mono: successfully reloaded assembly
- Completed reload, in  0.685 seconds
Domain Reload Profiling:
	ReloadAssembly (686ms)
		BeginReloadAssembly (92ms)
			ExecutionOrderSort (0ms)
			DisableScriptedObjects (3ms)
			BackupInstance (0ms)
			ReleaseScriptingObjects (0ms)
			CreateAndSetChildDomain (12ms)
		EndReloadAssembly (558ms)
			LoadAssemblies (67ms)
			RebuildTransferFunctionScriptingTraits (0ms)
			SetupTypeCache (179ms)
			ReleaseScriptCaches (0ms)
			RebuildScriptCaches (30ms)
			SetupLoadedEditorAssemblies (212ms)
				LogAssemblyErrors (0ms)
				InitializePlatformSupportModulesInManaged (2ms)
				SetLoadedEditorAssemblies (0ms)
				RefreshPlugins (30ms)
				BeforeProcessingInitializeOnLoad (40ms)
				ProcessInitializeOnLoadAttributes (128ms)
				ProcessInitializeOnLoadMethodAttributes (11ms)
				AfterProcessingInitializeOnLoad (1ms)
				EditorAssembliesLoaded (0ms)
			ExecutionOrderSort2 (0ms)
			AwakeInstancesAfterBackupRestoration (4ms)
Platform modules already initialized, skipping
========================================================================
Worker process is ready to serve import requests
Launched and connected shader compiler UnityShaderCompiler.exe after 0.05 seconds
Refreshing native plugins compatible for Editor in 0.58 ms, found 3 plugins.
Preloading 0 native plugins for Editor in 0.00 ms.
Unloading 2198 Unused Serialized files (Serialized files now loaded: 0)
System memory in use before: 95.9 MB.
System memory in use after: 96.0 MB.

Unloading 28 unused Assets to reduce memory usage. Loaded Objects now: 2631.
Total: 2.403300 ms (FindLiveObjects: 0.175900 ms CreateObjectMapping: 0.057600 ms MarkObjects: 2.116100 ms  DeleteObjects: 0.052500 ms)

AssetImportParameters requested are different than current active one (requested -> active):
  custom:framework-win-MediaFoundation: 216162199b28c13a410421893ffa2e32 -> 
  custom:video-decoder-ogg-theora: a1e56fd34408186e4bbccfd4996cb3dc -> 
  custom:container-muxer-webm: aa71ff27fc2769a1b78a27578f13a17b -> 
  custom:container-demuxer-webm: 4f35f7cbe854078d1ac9338744f61a02 -> 
  custom:container-demuxer-ogg: 62fdf1f143b41e24485cea50d1cbac27 -> 
  custom:video-encoder-webm-vp8: eb34c28f22e8b96e1ab97ce403110664 -> 
  custom:video-decoder-webm-vp8: 9c59270c3fd7afecdb556c50c9e8de78 -> 
  custom:audio-decoder-ogg-vorbis: bf7c407c2cedff20999df2af8eb42d56 -> 
  custom:audio-encoder-webm-vorbis: bf7c407c2cedff20999df2af8eb42d56 -> 
========================================================================
Received Import Request.
  path: Assets/Main.unity
  artifactKey: Guid(430c16afccb5f5d439da21e7ccf69430) Importer(815301076,1909f56bfc062723c751e8b465ee728b)
Start importing Assets/Main.unity using Guid(430c16afccb5f5d439da21e7ccf69430) Importer(815301076,1909f56bfc062723c751e8b465ee728b)  -> (artifact id: '4605b03097ee137b613dd1b0fdcd9e2d') in 0.014010 seconds 
  Import took 0.016643 seconds .

========================================================================
Received Import Request.
  Time since last request: 28.035911 seconds.
  path: Assets/Font
  artifactKey: Guid(38704291072bb6241b0ad8f7c1bf58db) Importer(815301076,1909f56bfc062723c751e8b465ee728b)
Start importing Assets/Font using Guid(38704291072bb6241b0ad8f7c1bf58db) Importer(815301076,1909f56bfc062723c751e8b465ee728b)  -> (artifact id: '18978a157ec47d1dda4f39d7cac4ae5d') in 0.006154 seconds 
  Import took 0.008632 seconds .

========================================================================
Received Import Request.
  Time since last request: 17.905115 seconds.
  path: Assets/New Folder
  artifactKey: Guid(941dcc9b07faea34cb442f1a49d1e24f) Importer(815301076,1909f56bfc062723c751e8b465ee728b)
Start importing Assets/New Folder using Guid(941dcc9b07faea34cb442f1a49d1e24f) Importer(815301076,1909f56bfc062723c751e8b465ee728b)  -> (artifact id: '6a941be012bb2e9c94e3f5df83f0fbff') in 0.007241 seconds 
  Import took 0.009732 seconds .

========================================================================
Received Import Request.
  Time since last request: 0.072443 seconds.
  path: Assets/New Folder/느낌표 1.png
  artifactKey: Guid(bc5ebf3353ea4084e82fffd2c2d8459a) Importer(815301076,1909f56bfc062723c751e8b465ee728b)
Start importing Assets/New Folder/느낌표 1.png using Guid(bc5ebf3353ea4084e82fffd2c2d8459a) Importer(815301076,1909f56bfc062723c751e8b465ee728b)  -> (artifact id: '73d8a71c2c888eaaf55be36207604a67') in 0.116375 seconds 
  Import took 0.119776 seconds .

========================================================================
Received Import Request.
  Time since last request: 0.000295 seconds.
  path: Assets/New Folder/느낌표 7.png
  artifactKey: Guid(7a739986a5939a04db0092ad44b9b041) Importer(815301076,1909f56bfc062723c751e8b465ee728b)
Start importing Assets/New Folder/느낌표 7.png using Guid(7a739986a5939a04db0092ad44b9b041) Importer(815301076,1909f56bfc062723c751e8b465ee728b)  -> (artifact id: 'd78051a424fc9b52b812c9a3b455858b') in 0.018949 seconds 
  Import took 0.021267 seconds .

========================================================================
Received Import Request.
  Time since last request: 0.000392 seconds.
  path: Assets/New Folder/느낌표 8.png
  artifactKey: Guid(46ca90a38efa4ee48a21a2070039d2a4) Importer(815301076,1909f56bfc062723c751e8b465ee728b)
Start importing Assets/New Folder/느낌표 8.png using Guid(46ca90a38efa4ee48a21a2070039d2a4) Importer(815301076,1909f56bfc062723c751e8b465ee728b)  -> (artifact id: '8a5ca132912c3311fc2b7c33d72d837e') in 0.018697 seconds 
  Import took 0.021115 seconds .

========================================================================
Received Import Request.
  Time since last request: 0.000340 seconds.
  path: Assets/New Folder/느낌표 4.png
  artifactKey: Guid(340eb42a25c98dd4682269b605f6c751) Importer(815301076,1909f56bfc062723c751e8b465ee728b)
Start importing Assets/New Folder/느낌표 4.png using Guid(340eb42a25c98dd4682269b605f6c751) Importer(815301076,1909f56bfc062723c751e8b465ee728b)  -> (artifact id: '10e116587138c43dcdb04d69439697da') in 0.017538 seconds 
  Import took 0.020017 seconds .

========================================================================
Received Import Request.
  Time since last request: 0.000298 seconds.
  path: Assets/New Folder/느낌표 3.png
  artifactKey: Guid(58bc855522167ef45b710d9bc8228314) Importer(815301076,1909f56bfc062723c751e8b465ee728b)
Start importing Assets/New Folder/느낌표 3.png using Guid(58bc855522167ef45b710d9bc8228314) Importer(815301076,1909f56bfc062723c751e8b465ee728b)  -> (artifact id: '6ed7087ba087425135a0b3a3b2541f96') in 0.018557 seconds 
  Import took 0.021285 seconds .

========================================================================
Received Import Request.
  Time since last request: 0.000244 seconds.
  path: Assets/New Folder/느낌표 2.png
  artifactKey: Guid(886bea3012dfa494392aa48ca1e5f57f) Importer(815301076,1909f56bfc062723c751e8b465ee728b)
Start importing Assets/New Folder/느낌표 2.png using Guid(886bea3012dfa494392aa48ca1e5f57f) Importer(815301076,1909f56bfc062723c751e8b465ee728b)  -> (artifact id: '4c55f94964b652f30b0da36d6602477f') in 0.020525 seconds 
  Import took 0.022814 seconds .

========================================================================
Received Import Request.
  Time since last request: 0.000288 seconds.
  path: Assets/New Folder/느낌표 5.png
  artifactKey: Guid(ff4b327cee671df4982b270ffaf3b030) Importer(815301076,1909f56bfc062723c751e8b465ee728b)
Start importing Assets/New Folder/느낌표 5.png using Guid(ff4b327cee671df4982b270ffaf3b030) Importer(815301076,1909f56bfc062723c751e8b465ee728b)  -> (artifact id: 'ee6b0e870a87fa62675529cf822da19c') in 0.015497 seconds 
  Import took 0.017844 seconds .

========================================================================
Received Import Request.
  Time since last request: 0.000301 seconds.
  path: Assets/New Folder/느낌표 6.png
  artifactKey: Guid(b1f736f8a8600434bab49caedd8ad49e) Importer(815301076,1909f56bfc062723c751e8b465ee728b)
Start importing Assets/New Folder/느낌표 6.png using Guid(b1f736f8a8600434bab49caedd8ad49e) Importer(815301076,1909f56bfc062723c751e8b465ee728b)  -> (artifact id: '66bfc1e6955a3ee2f2c8f2a78b3af62d') in 0.015274 seconds 
  Import took 0.017718 seconds .

========================================================================
Received Import Request.
  Time since last request: 7.747202 seconds.
  path: Assets/UI
  artifactKey: Guid(a8464bbca23dd3f499646688e9944a2b) Importer(815301076,1909f56bfc062723c751e8b465ee728b)
Start importing Assets/UI using Guid(a8464bbca23dd3f499646688e9944a2b) Importer(815301076,1909f56bfc062723c751e8b465ee728b)  -> (artifact id: 'a560e8d62373083761b79b8b990cc27a') in 0.005424 seconds 
  Import took 0.008218 seconds .

========================================================================
Received Import Request.
  Time since last request: 0.202263 seconds.
  path: Assets/UI/collection1.png
  artifactKey: Guid(63c456414311d8f43920904b8cdaab28) Importer(815301076,1909f56bfc062723c751e8b465ee728b)
Start importing Assets/UI/collection1.png using Guid(63c456414311d8f43920904b8cdaab28) Importer(815301076,1909f56bfc062723c751e8b465ee728b)  -> (artifact id: '5380b5c85e551a5b8d63d87e3404dc76') in 0.018990 seconds 
  Import took 0.021782 seconds .

========================================================================
Received Import Request.
  Time since last request: 0.000317 seconds.
  path: Assets/UI/option_button_sound.png
  artifactKey: Guid(53c3c38d84b8c1f4cac1aca2171899a5) Importer(815301076,1909f56bfc062723c751e8b465ee728b)
Start importing Assets/UI/option_button_sound.png using Guid(53c3c38d84b8c1f4cac1aca2171899a5) Importer(815301076,1909f56bfc062723c751e8b465ee728b)  -> (artifact id: 'b625de95a95c06b9848ea4dd5fde5b78') in 0.016793 seconds 
  Import took 0.019218 seconds .

========================================================================
Received Import Request.
  Time since last request: 0.000323 seconds.
  path: Assets/UI/option_button_close.png
  artifactKey: Guid(2a5b7e2eb228eb444b3a26a9951651a0) Importer(815301076,1909f56bfc062723c751e8b465ee728b)
Start importing Assets/UI/option_button_close.png using Guid(2a5b7e2eb228eb444b3a26a9951651a0) Importer(815301076,1909f56bfc062723c751e8b465ee728b)  -> (artifact id: '805ec582ea4ccc06051dff85eb15141b') in 0.013327 seconds 
  Import took 0.015931 seconds .

========================================================================
Received Import Request.
  Time since last request: 0.000328 seconds.
  path: Assets/UI/지도2.png
  artifactKey: Guid(ed9aaa9a586c23245b5a8eaf06aebbe4) Importer(815301076,1909f56bfc062723c751e8b465ee728b)
Start importing Assets/UI/지도2.png using Guid(ed9aaa9a586c23245b5a8eaf06aebbe4) Importer(815301076,1909f56bfc062723c751e8b465ee728b)  -> (artifact id: '6db4d50dd38967bc7c3e0e768558da79') in 0.018124 seconds 
  Import took 0.020592 seconds .

========================================================================
Received Import Request.
  Time since last request: 0.000285 seconds.
  path: Assets/UI/달력.png
  artifactKey: Guid(046638641019d544595cc3de2e880d4e) Importer(815301076,1909f56bfc062723c751e8b465ee728b)
Start importing Assets/UI/달력.png using Guid(046638641019d544595cc3de2e880d4e) Importer(815301076,1909f56bfc062723c751e8b465ee728b)  -> (artifact id: 'd273fd56cf67c35041b8d0cdf0bcd2f6') in 0.019861 seconds 
  Import took 0.022347 seconds .

========================================================================
Received Import Request.
  Time since last request: 0.000265 seconds.
  path: Assets/UI/잠자기-아이콘.png
  artifactKey: Guid(a6474f9a63046c240b354d33e19073a1) Importer(815301076,1909f56bfc062723c751e8b465ee728b)
Start importing Assets/UI/잠자기-아이콘.png using Guid(a6474f9a63046c240b354d33e19073a1) Importer(815301076,1909f56bfc062723c751e8b465ee728b)  -> (artifact id: '1a50bc70471f3904ddf18f833bbed4d3') in 0.022553 seconds 
  Import took 0.025050 seconds .

========================================================================
Received Import Request.
  Time since last request: 0.000283 seconds.
  path: Assets/UI/optionUI_guide.png
  artifactKey: Guid(39529660cd5f43b45a5f199f1feaeb59) Importer(815301076,1909f56bfc062723c751e8b465ee728b)
Start importing Assets/UI/optionUI_guide.png using Guid(39529660cd5f43b45a5f199f1feaeb59) Importer(815301076,1909f56bfc062723c751e8b465ee728b)  -> (artifact id: '078228c249f34c1381508d2cd36b8017') in 0.038756 seconds 
  Import took 0.041125 seconds .

========================================================================
Received Import Request.
  Time since last request: 0.000201 seconds.
  path: Assets/UI/내정보2.png
  artifactKey: Guid(6f987c4b150b0784dad7ed9b8fe62b93) Importer(815301076,1909f56bfc062723c751e8b465ee728b)
Start importing Assets/UI/내정보2.png using Guid(6f987c4b150b0784dad7ed9b8fe62b93) Importer(815301076,1909f56bfc062723c751e8b465ee728b)  -> (artifact id: 'dc3011c9ddd51773d036ef3da256f3f8') in 0.018632 seconds 
  Import took 0.021048 seconds .

========================================================================
Received Import Request.
  Time since last request: 0.000180 seconds.
  path: Assets/UI/option_bg.png
  artifactKey: Guid(56a18c8b6003370458980f0da2f415b3) Importer(815301076,1909f56bfc062723c751e8b465ee728b)
Start importing Assets/UI/option_bg.png using Guid(56a18c8b6003370458980f0da2f415b3) Importer(815301076,1909f56bfc062723c751e8b465ee728b)  -> (artifact id: '1a8f2a1784dd5ef3b800614b0c1d6343') in 0.016658 seconds 
  Import took 0.019104 seconds .

========================================================================
Received Import Request.
  Time since last request: 0.000242 seconds.
  path: Assets/UI/option_button_going.png
  artifactKey: Guid(962b73568ac63db40920b77003859585) Importer(815301076,1909f56bfc062723c751e8b465ee728b)
Start importing Assets/UI/option_button_going.png using Guid(962b73568ac63db40920b77003859585) Importer(815301076,1909f56bfc062723c751e8b465ee728b)  -> (artifact id: '4e308a56d989c2e780537ec02033be15') in 0.014496 seconds 
  Import took 0.016988 seconds .

========================================================================
Received Import Request.
  Time since last request: 0.000296 seconds.
  path: Assets/UI/내정보1.png
  artifactKey: Guid(b74d2021ff19a324d9163f3ce97f01ad) Importer(815301076,1909f56bfc062723c751e8b465ee728b)
Start importing Assets/UI/내정보1.png using Guid(b74d2021ff19a324d9163f3ce97f01ad) Importer(815301076,1909f56bfc062723c751e8b465ee728b)  -> (artifact id: '11eb84686df25b51b435fe2d4876246f') in 0.018500 seconds 
  Import took 0.020825 seconds .

========================================================================
Received Import Request.
  Time since last request: 0.000264 seconds.
  path: Assets/UI/지도1.png
  artifactKey: Guid(f9827e0527db0c144b37ae78074a958e) Importer(815301076,1909f56bfc062723c751e8b465ee728b)
Start importing Assets/UI/지도1.png using Guid(f9827e0527db0c144b37ae78074a958e) Importer(815301076,1909f56bfc062723c751e8b465ee728b)  -> (artifact id: 'd1ebe97c4e50cef0101c18efcaa6673b') in 0.018993 seconds 
  Import took 0.023159 seconds .

========================================================================
Received Import Request.
  Time since last request: 0.000434 seconds.
  path: Assets/UI/잠자기-1.png
  artifactKey: Guid(0a6a5f1e20fceb24fb17fb5127b42da0) Importer(815301076,1909f56bfc062723c751e8b465ee728b)
Start importing Assets/UI/잠자기-1.png using Guid(0a6a5f1e20fceb24fb17fb5127b42da0) Importer(815301076,1909f56bfc062723c751e8b465ee728b)  -> (artifact id: '2279145c463ee17b746c7c69e51f408b') in 0.020030 seconds 
  Import took 0.022624 seconds .

========================================================================
Received Import Request.
  Time since last request: 20.252794 seconds.
  path: Assets/UI/sleep_bg.png
  artifactKey: Guid(ef1bce185fc1065468acd9fbfb6e9457) Importer(815301076,1909f56bfc062723c751e8b465ee728b)
Start importing Assets/UI/sleep_bg.png using Guid(ef1bce185fc1065468acd9fbfb6e9457) Importer(815301076,1909f56bfc062723c751e8b465ee728b)  -> (artifact id: 'a3a9e17b6a12ec32402b9fcc10a31336') in 0.030163 seconds 
  Import took 0.032896 seconds .

========================================================================
Received Import Request.
  Time since last request: 0.000198 seconds.
  path: Assets/UI/sleep_button_no.png
  artifactKey: Guid(bef3488968216fc43970e40bd9826f90) Importer(815301076,1909f56bfc062723c751e8b465ee728b)
Start importing Assets/UI/sleep_button_no.png using Guid(bef3488968216fc43970e40bd9826f90) Importer(815301076,1909f56bfc062723c751e8b465ee728b)  -> (artifact id: 'f4c34158c68ac9e83eff8aa2d5eb7bc5') in 0.010093 seconds 
  Import took 0.012611 seconds .

========================================================================
Received Import Request.
  Time since last request: 0.000253 seconds.
  path: Assets/UI/talk_bg.png
  artifactKey: Guid(2435b1c474f909a4190c98d3b32b2a3d) Importer(815301076,1909f56bfc062723c751e8b465ee728b)
Start importing Assets/UI/talk_bg.png using Guid(2435b1c474f909a4190c98d3b32b2a3d) Importer(815301076,1909f56bfc062723c751e8b465ee728b)  -> (artifact id: 'bf1ffdca244ddbe99170ab15def2d506') in 0.013333 seconds 
  Import took 0.015798 seconds .

========================================================================
Received Import Request.
  Time since last request: 0.000193 seconds.
  path: Assets/UI/talkUI_guide.png
  artifactKey: Guid(67a43dd3f59702d4d8eaee2f6a766bb0) Importer(815301076,1909f56bfc062723c751e8b465ee728b)
Start importing Assets/UI/talkUI_guide.png using Guid(67a43dd3f59702d4d8eaee2f6a766bb0) Importer(815301076,1909f56bfc062723c751e8b465ee728b)  -> (artifact id: 'c4b28845c1d7288f535dd19256acbbb0') in 0.013486 seconds 
  Import took 0.015978 seconds .

========================================================================
Received Import Request.
  Time since last request: 0.000185 seconds.
  path: Assets/UI/sleepUI_guide.png
  artifactKey: Guid(2015854dc88b0c241bb44bbdcb60175a) Importer(815301076,1909f56bfc062723c751e8b465ee728b)
Start importing Assets/UI/sleepUI_guide.png using Guid(2015854dc88b0c241bb44bbdcb60175a) Importer(815301076,1909f56bfc062723c751e8b465ee728b)  -> (artifact id: '0e2169d16f2075a012ff5020d419557a') in 0.014271 seconds 
  Import took 0.016876 seconds .

========================================================================
Received Import Request.
  Time since last request: 0.000266 seconds.
  path: Assets/UI/sleep_button_yes.png
  artifactKey: Guid(b0e5fc345ec2d1747b27bd69ade04558) Importer(815301076,1909f56bfc062723c751e8b465ee728b)
Start importing Assets/UI/sleep_button_yes.png using Guid(b0e5fc345ec2d1747b27bd69ade04558) Importer(815301076,1909f56bfc062723c751e8b465ee728b)  -> (artifact id: '4a4b2aaaa6ad2ad761d99a24d4f6d983') in 0.009533 seconds 
  Import took 0.011876 seconds .

========================================================================
Received Import Request.
  Time since last request: 0.000241 seconds.
  path: Assets/UI/talk_button.png
  artifactKey: Guid(8e18ff42a5970e7459fd39b1c926a5af) Importer(815301076,1909f56bfc062723c751e8b465ee728b)
Start importing Assets/UI/talk_button.png using Guid(8e18ff42a5970e7459fd39b1c926a5af) Importer(815301076,1909f56bfc062723c751e8b465ee728b)  -> (artifact id: 'e1ab0fb7f219041895bbe85cdf171272') in 0.011827 seconds 
  Import took 0.014409 seconds .

========================================================================
Received Prepare
Registering precompiled user dll's ...
Registered in 0.002872 seconds.
Begin MonoManager ReloadAssembly
Native extension for WindowsStandalone target not found
Refreshing native plugins compatible for Editor in 0.43 ms, found 3 plugins.
Preloading 0 native plugins for Editor in 0.00 ms.
Mono: successfully reloaded assembly
- Completed reload, in  0.665 seconds
Domain Reload Profiling:
	ReloadAssembly (666ms)
		BeginReloadAssembly (97ms)
			ExecutionOrderSort (0ms)
			DisableScriptedObjects (4ms)
			BackupInstance (0ms)
			ReleaseScriptingObjects (0ms)
			CreateAndSetChildDomain (27ms)
		EndReloadAssembly (527ms)
			LoadAssemblies (77ms)
			RebuildTransferFunctionScriptingTraits (0ms)
			SetupTypeCache (189ms)
			ReleaseScriptCaches (1ms)
			RebuildScriptCaches (26ms)
			SetupLoadedEditorAssemblies (184ms)
				LogAssemblyErrors (0ms)
				InitializePlatformSupportModulesInManaged (3ms)
				SetLoadedEditorAssemblies (0ms)
				RefreshPlugins (0ms)
				BeforeProcessingInitializeOnLoad (37ms)
				ProcessInitializeOnLoadAttributes (134ms)
				ProcessInitializeOnLoadMethodAttributes (7ms)
				AfterProcessingInitializeOnLoad (2ms)
				EditorAssembliesLoaded (0ms)
			ExecutionOrderSort2 (0ms)
			AwakeInstancesAfterBackupRestoration (6ms)
Platform modules already initialized, skipping
Switching build target platform(19) subTarget(0) extendedPlatform(0) -> platform(13) subTarget(589824) extendedPlatform(0)
Refreshing native plugins compatible for Editor in 0.47 ms, found 3 plugins.
Preloading 0 native plugins for Editor in 0.00 ms.
Unloading 2190 Unused Serialized files (Serialized files now loaded: 0)
System memory in use before: 98.3 MB.
System memory in use after: 98.4 MB.

Unloading 17 unused Assets to reduce memory usage. Loaded Objects now: 2669.
Total: 2.537700 ms (FindLiveObjects: 0.158500 ms CreateObjectMapping: 0.048400 ms MarkObjects: 2.317400 ms  DeleteObjects: 0.012600 ms)

AssetImportParameters requested are different than current active one (requested -> active):
  custom:framework-win-MediaFoundation: 216162199b28c13a410421893ffa2e32 -> 
  custom:video-decoder-ogg-theora: a1e56fd34408186e4bbccfd4996cb3dc -> 
  custom:container-muxer-webm: aa71ff27fc2769a1b78a27578f13a17b -> 
  custom:container-demuxer-webm: 4f35f7cbe854078d1ac9338744f61a02 -> 
  custom:container-demuxer-ogg: 62fdf1f143b41e24485cea50d1cbac27 -> 
  custom:video-encoder-webm-vp8: eb34c28f22e8b96e1ab97ce403110664 -> 
  custom:video-decoder-webm-vp8: 9c59270c3fd7afecdb556c50c9e8de78 -> 
  custom:graphics/normal-map-encoding: 01000000000000000000000000000000 -> 02000000000000000000000000000000
  custom:audio-decoder-ogg-vorbis: bf7c407c2cedff20999df2af8eb42d56 -> 
  custom:audio-encoder-webm-vorbis: bf7c407c2cedff20999df2af8eb42d56 -> 
AssetImportWorkerClient::OnTransportError - code=2 error=End of file
